000.000 =============================================================
000.000                     Station A                               
000.000 -------------------------------------------------------------
000.000 Protocol.lib, version 4.0, jiangyanjun0718@bupt.edu.cn
000.000 Channel: 8000 bps, 270 ms propagation delay, bit error rate 0
000.000 Log file "./datalink-A.log", TCP port 59144, debug mask 0x07
000.000 Station A is waiting for station B on TCP port 59144 ... Done.
000.472 New epoch: Mon May  6 00:00:09 2019
000.472 =================================================================
000.472 
000.472 Designed by Jiang Yanjun, build: May  6 2019  00:00:06
000.472 nbuffered=0next
000.472 Send DATA 0 6, ID 10000
000.472 nbuffered=1wait window
000.721 nbuffered=1next
000.721 Send DATA 1 6, ID 10001
000.721 nbuffered=2wait window
000.988 nbuffered=2next
000.988 Send DATA 2 6, ID 10002
000.988 nbuffered=3wait window
001.023 ack_expected=0, f.ack=6, frame_nr=3
001.023 Recv DATA 0 6, ID 20000
001.023 nbuffered=3wait window
001.242 nbuffered=3next
001.242 Send DATA 3 0, ID 10003
001.242 nbuffered=4wait window
001.292 ack_expected=0, f.ack=6, frame_nr=4
001.293 Recv DATA 1 6, ID 20001
001.293 nbuffered=4wait window
001.509 nbuffered=4next
001.509 Send DATA 4 1, ID 10004
001.509 nbuffered=5wait window
001.558 ack_expected=0, f.ack=6, frame_nr=5
001.558 Recv DATA 2 6, ID 20002
001.558 nbuffered=5wait window
001.784 nbuffered=5next
001.784 Send DATA 5 2, ID 10005
001.784 nbuffered=6wait window
001.833 ack_expected=0, f.ack=0, frame_nr=6
001.833 Recv DATA 3 0, ID 20003
001.833 nbuffered=5wait window
002.043 nbuffered=5next
002.043 Send DATA 6 3, ID 10006
002.043 nbuffered=6wait window
002.094 ack_expected=1, f.ack=1, frame_nr=0
002.094 Recv DATA 4 1, ID 20004
002.094 nbuffered=5wait window
002.298 nbuffered=5next
002.298 Send DATA 0 4, ID 10007
002.298 nbuffered=6wait window
002.345 ack_expected=2, f.ack=2, frame_nr=1
002.345 Recv DATA 5 2, ID 20005
002.345 nbuffered=5wait window
002.565 nbuffered=5next
002.565 Send DATA 1 5, ID 10008
002.565 nbuffered=6wait window
002.613 ack_expected=3, f.ack=3, frame_nr=2
002.613 Recv DATA 6 3, ID 20006
002.613 nbuffered=5wait window
002.831 nbuffered=5next
002.831 Send DATA 2 6, ID 10009
002.831 nbuffered=6wait window
002.866 ack_expected=4, f.ack=4, frame_nr=3
002.866 Recv DATA 0 4, ID 20007
002.866 .... 8 packets received, 7706 bps, 96.33%, Err 0 (0.0e+00)
002.866 nbuffered=5wait window
003.094 nbuffered=5next
003.094 Send DATA 3 0, ID 10010
003.094 nbuffered=6wait window
003.113 ack_expected=5, f.ack=5, frame_nr=4
003.113 Recv DATA 1 5, ID 20008
003.113 nbuffered=5wait window
003.355 nbuffered=5next
003.355 Send DATA 4 1, ID 10011
003.355 nbuffered=6wait window
003.389 ack_expected=6, f.ack=6, frame_nr=5
003.390 Recv DATA 2 6, ID 20009
003.390 nbuffered=5wait window
003.627 nbuffered=5next
003.627 Send DATA 5 2, ID 10012
003.627 nbuffered=6wait window
003.675 ack_expected=0, f.ack=0, frame_nr=6
003.675 Recv DATA 3 0, ID 20010
003.675 nbuffered=5wait window
003.886 nbuffered=5next
003.886 Send DATA 6 3, ID 10013
003.886 nbuffered=6wait window
003.934 ack_expected=1, f.ack=1, frame_nr=0
003.934 Recv DATA 4 1, ID 20011
003.934 nbuffered=5wait window
004.150 nbuffered=5next
004.150 Send DATA 0 4, ID 10014
004.150 nbuffered=6wait window
004.202 ack_expected=2, f.ack=2, frame_nr=1
004.202 Recv DATA 5 2, ID 20012
004.202 nbuffered=5wait window
004.419 nbuffered=5next
004.419 Send DATA 1 5, ID 10015
004.419 nbuffered=6wait window
004.470 ack_expected=3, f.ack=3, frame_nr=2
004.470 Recv DATA 6 3, ID 20013
004.470 nbuffered=5wait window
004.676 nbuffered=5next
004.676 Send DATA 2 6, ID 10016
004.676 nbuffered=6wait window
004.729 ack_expected=4, f.ack=4, frame_nr=3
004.729 Recv DATA 0 4, ID 20014
004.729 nbuffered=5wait window
004.941 nbuffered=5next
004.941 Send DATA 3 0, ID 10017
004.941 nbuffered=6wait window
004.990 ack_expected=5, f.ack=5, frame_nr=4
004.990 Recv DATA 1 5, ID 20015
004.990 .... 16 packets received, 7710 bps, 96.38%, Err 0 (0.0e+00)
004.990 nbuffered=5wait window
005.202 nbuffered=5next
005.202 Send DATA 4 1, ID 10018
005.202 nbuffered=6wait window
005.255 ack_expected=6, f.ack=6, frame_nr=5
005.255 Recv DATA 2 6, ID 20016
005.255 nbuffered=5wait window
005.476 nbuffered=5next
005.476 Send DATA 5 2, ID 10019
005.476 nbuffered=6wait window
005.526 ack_expected=0, f.ack=0, frame_nr=6
005.526 Recv DATA 3 0, ID 20017
005.526 nbuffered=5wait window
005.729 nbuffered=5next
005.729 Send DATA 6 3, ID 10020
005.729 nbuffered=6wait window
005.793 ack_expected=1, f.ack=1, frame_nr=0
005.793 Recv DATA 4 1, ID 20018
005.793 nbuffered=5wait window
006.001 nbuffered=5next
006.001 Send DATA 0 4, ID 10021
006.001 nbuffered=6wait window
006.055 ack_expected=2, f.ack=2, frame_nr=1
006.055 Recv DATA 5 2, ID 20019
006.055 nbuffered=5wait window
006.267 nbuffered=5next
006.267 Send DATA 1 5, ID 10022
006.267 nbuffered=6wait window
006.301 ack_expected=3, f.ack=3, frame_nr=2
006.301 Recv DATA 6 3, ID 20020
006.301 nbuffered=5wait window
006.533 nbuffered=5next
006.533 Send DATA 2 6, ID 10023
006.533 nbuffered=6wait window
006.568 ack_expected=4, f.ack=4, frame_nr=3
006.568 Recv DATA 0 4, ID 20021
006.568 nbuffered=5wait window
006.785 nbuffered=5next
006.785 Send DATA 3 0, ID 10024
006.785 nbuffered=6wait window
006.836 ack_expected=5, f.ack=5, frame_nr=4
006.836 Recv DATA 1 5, ID 20022
006.836 nbuffered=5wait window
007.053 nbuffered=5next
007.053 Send DATA 4 1, ID 10025
007.053 nbuffered=6wait window
007.088 ack_expected=6, f.ack=6, frame_nr=5
007.088 Recv DATA 2 6, ID 20023
007.088 .... 24 packets received, 7743 bps, 96.79%, Err 0 (0.0e+00)
007.088 nbuffered=5wait window
007.325 nbuffered=5next
007.325 Send DATA 5 2, ID 10026
007.325 nbuffered=6wait window
007.372 ack_expected=0, f.ack=0, frame_nr=6
007.372 Recv DATA 3 0, ID 20024
007.372 nbuffered=5wait window
007.586 nbuffered=5next
007.586 Send DATA 6 3, ID 10027
007.586 nbuffered=6wait window
007.602 ack_expected=1, f.ack=1, frame_nr=0
007.602 Recv DATA 4 1, ID 20025
007.602 nbuffered=5wait window
007.848 nbuffered=5next
007.848 Send DATA 0 4, ID 10028
007.848 nbuffered=6wait window
007.883 ack_expected=2, f.ack=2, frame_nr=1
007.883 Recv DATA 5 2, ID 20026
007.883 nbuffered=5wait window
008.109 nbuffered=5next
008.109 Send DATA 1 5, ID 10029
008.109 nbuffered=6wait window
008.144 ack_expected=3, f.ack=3, frame_nr=2
008.144 Recv DATA 6 3, ID 20027
008.144 nbuffered=5wait window
008.376 nbuffered=5next
008.376 Send DATA 2 6, ID 10030
008.376 nbuffered=6wait window
008.427 ack_expected=4, f.ack=4, frame_nr=3
008.427 Recv DATA 0 4, ID 20028
008.427 nbuffered=5wait window
008.634 nbuffered=5next
008.634 Send DATA 3 0, ID 10031
008.634 nbuffered=6wait window
008.669 ack_expected=5, f.ack=5, frame_nr=4
008.669 Recv DATA 1 5, ID 20029
008.669 nbuffered=5wait window
008.910 nbuffered=5next
008.910 Send DATA 4 1, ID 10032
008.910 nbuffered=6wait window
008.945 ack_expected=6, f.ack=6, frame_nr=5
008.945 Recv DATA 2 6, ID 20030
008.945 nbuffered=5wait window
009.162 nbuffered=5next
009.162 Send DATA 5 2, ID 10033
009.162 nbuffered=6wait window
009.216 ack_expected=0, f.ack=0, frame_nr=6
009.216 Recv DATA 3 0, ID 20031
009.216 .... 32 packets received, 7732 bps, 96.65%, Err 0 (0.0e+00)
009.216 nbuffered=5wait window
009.439 nbuffered=5next
009.439 Send DATA 6 3, ID 10034
009.439 nbuffered=6wait window
009.489 ack_expected=1, f.ack=1, frame_nr=0
009.489 Recv DATA 4 1, ID 20032
009.489 nbuffered=5wait window
009.705 nbuffered=5next
009.705 Send DATA 0 4, ID 10035
009.705 nbuffered=6wait window
009.738 ack_expected=2, f.ack=2, frame_nr=1
009.738 Recv DATA 5 2, ID 20033
009.738 nbuffered=5wait window
009.958 nbuffered=5next
009.958 Send DATA 1 5, ID 10036
009.958 nbuffered=6wait window
010.010 ack_expected=3, f.ack=3, frame_nr=2
010.010 Recv DATA 6 3, ID 20034
010.010 nbuffered=5wait window
010.227 nbuffered=5next
010.227 Send DATA 2 6, ID 10037
010.227 nbuffered=6wait window
010.261 ack_expected=4, f.ack=4, frame_nr=3
010.261 Recv DATA 0 4, ID 20035
010.261 nbuffered=5wait window
010.488 nbuffered=5next
010.488 Send DATA 3 0, ID 10038
010.488 nbuffered=6wait window
010.505 ack_expected=5, f.ack=5, frame_nr=4
010.505 Recv DATA 1 5, ID 20036
010.505 nbuffered=5wait window
010.747 nbuffered=5next
010.747 Send DATA 4 1, ID 10039
010.747 nbuffered=6wait window
010.798 ack_expected=6, f.ack=6, frame_nr=5
010.798 Recv DATA 2 6, ID 20037
010.798 nbuffered=5wait window
011.018 nbuffered=5next
011.018 Send DATA 5 2, ID 10040
011.018 nbuffered=6wait window
011.055 ack_expected=0, f.ack=0, frame_nr=6
011.055 Recv DATA 3 0, ID 20038
011.055 nbuffered=5wait window
011.275 nbuffered=5next
011.275 Send DATA 6 3, ID 10041
011.275 nbuffered=6wait window
011.327 ack_expected=1, f.ack=1, frame_nr=0
011.327 Recv DATA 4 1, ID 20039
011.327 .... 40 packets received, 7738 bps, 96.72%, Err 0 (0.0e+00)
011.327 nbuffered=5wait window
011.548 nbuffered=5next
011.548 Send DATA 0 4, ID 10042
011.548 nbuffered=6wait window
011.599 ack_expected=2, f.ack=2, frame_nr=1
011.599 Recv DATA 5 2, ID 20040
011.599 nbuffered=5wait window
011.805 nbuffered=5next
011.805 Send DATA 1 5, ID 10043
011.805 nbuffered=6wait window
011.839 ack_expected=3, f.ack=3, frame_nr=2
011.839 Recv DATA 6 3, ID 20041
011.839 nbuffered=5wait window
012.078 nbuffered=5next
012.078 Send DATA 2 6, ID 10044
012.078 nbuffered=6wait window
012.094 ack_expected=4, f.ack=4, frame_nr=3
012.095 Recv DATA 0 4, ID 20042
012.095 nbuffered=5wait window
012.330 nbuffered=5next
012.330 Send DATA 3 0, ID 10045
012.330 nbuffered=6wait window
012.380 ack_expected=5, f.ack=5, frame_nr=4
012.380 Recv DATA 1 5, ID 20043
012.380 nbuffered=5wait window
012.601 nbuffered=5next
012.601 Send DATA 4 1, ID 10046
012.601 nbuffered=6wait window
012.635 ack_expected=6, f.ack=6, frame_nr=5
012.635 Recv DATA 2 6, ID 20044
012.635 nbuffered=5wait window
012.865 nbuffered=5next
012.865 Send DATA 5 2, ID 10047
012.865 nbuffered=6wait window
012.899 ack_expected=0, f.ack=0, frame_nr=6
012.900 Recv DATA 3 0, ID 20045
012.900 nbuffered=5wait window
013.137 nbuffered=5next
013.137 Send DATA 6 3, ID 10048
013.137 nbuffered=6wait window
013.173 ack_expected=1, f.ack=1, frame_nr=0
013.173 Recv DATA 4 1, ID 20046
013.173 nbuffered=5wait window
013.392 nbuffered=5next
013.392 Send DATA 0 4, ID 10049
013.392 nbuffered=6wait window
013.457 ack_expected=2, f.ack=2, frame_nr=1
013.457 Recv DATA 5 2, ID 20047
013.457 .... 48 packets received, 7730 bps, 96.63%, Err 0 (0.0e+00)
013.457 nbuffered=5wait window
013.661 nbuffered=5next
013.661 Send DATA 1 5, ID 10050
013.661 nbuffered=6wait window
013.696 ack_expected=3, f.ack=3, frame_nr=2
013.696 Recv DATA 6 3, ID 20048
013.696 nbuffered=5wait window
013.922 nbuffered=5next
013.922 Send DATA 2 6, ID 10051
013.922 nbuffered=6wait window
013.957 ack_expected=4, f.ack=4, frame_nr=3
013.957 Recv DATA 0 4, ID 20049
013.957 nbuffered=5wait window
014.176 nbuffered=5next
014.176 Send DATA 3 0, ID 10052
014.176 nbuffered=6wait window
014.230 ack_expected=5, f.ack=5, frame_nr=4
014.230 Recv DATA 1 5, ID 20050
014.230 nbuffered=5wait window
014.445 nbuffered=5next
014.445 Send DATA 4 1, ID 10053
014.445 nbuffered=6wait window
014.495 ack_expected=6, f.ack=6, frame_nr=5
014.495 Recv DATA 2 6, ID 20051
014.495 nbuffered=5wait window
014.717 nbuffered=5next
014.718 Send DATA 5 2, ID 10054
014.718 nbuffered=6wait window
014.771 ack_expected=0, f.ack=0, frame_nr=6
014.771 Recv DATA 3 0, ID 20052
014.771 nbuffered=5wait window
014.972 nbuffered=5next
014.972 Send DATA 6 3, ID 10055
014.972 nbuffered=6wait window
015.027 ack_expected=1, f.ack=1, frame_nr=0
015.027 Recv DATA 4 1, ID 20053
015.027 nbuffered=5wait window
015.244 nbuffered=5next
015.244 Send DATA 0 4, ID 10056
015.244 nbuffered=6wait window
015.295 ack_expected=2, f.ack=2, frame_nr=1
015.295 Recv DATA 5 2, ID 20054
015.295 nbuffered=5wait window
015.510 nbuffered=5next
015.510 Send DATA 1 5, ID 10057
015.510 nbuffered=6wait window
015.545 ack_expected=3, f.ack=3, frame_nr=2
015.545 Recv DATA 6 3, ID 20055
015.545 .... 56 packets received, 7747 bps, 96.83%, Err 0 (0.0e+00)
015.545 nbuffered=5wait window
015.773 nbuffered=5next
015.773 Send DATA 2 6, ID 10058
015.773 nbuffered=6wait window
015.806 ack_expected=4, f.ack=4, frame_nr=3
015.806 Recv DATA 0 4, ID 20056
015.806 nbuffered=5wait window
016.027 nbuffered=5next
016.027 Send DATA 3 0, ID 10059
016.027 nbuffered=6wait window
016.080 ack_expected=5, f.ack=5, frame_nr=4
016.080 Recv DATA 1 5, ID 20057
016.080 nbuffered=5wait window
016.299 nbuffered=5next
016.299 Send DATA 4 1, ID 10060
016.299 nbuffered=6wait window
016.336 ack_expected=6, f.ack=6, frame_nr=5
016.336 Recv DATA 2 6, ID 20058
016.336 nbuffered=5wait window
016.555 nbuffered=5next
016.555 Send DATA 5 2, ID 10061
016.555 nbuffered=6wait window
016.608 ack_expected=0, f.ack=0, frame_nr=6
016.608 Recv DATA 3 0, ID 20059
016.608 nbuffered=5wait window
016.826 nbuffered=5next
016.826 Send DATA 6 3, ID 10062
016.826 nbuffered=6wait window
016.878 ack_expected=1, f.ack=1, frame_nr=0
016.878 Recv DATA 4 1, ID 20060
016.878 nbuffered=5wait window
017.094 nbuffered=5next
017.094 Send DATA 0 4, ID 10063
017.094 nbuffered=6wait window
017.129 ack_expected=2, f.ack=2, frame_nr=1
017.129 Recv DATA 5 2, ID 20061
017.129 nbuffered=5wait window
017.349 nbuffered=5next
017.349 Send DATA 1 5, ID 10064
017.349 nbuffered=6wait window
017.399 ack_expected=3, f.ack=3, frame_nr=2
017.399 Recv DATA 6 3, ID 20062
017.399 nbuffered=5wait window
017.620 nbuffered=5next
017.620 Send DATA 2 6, ID 10065
017.620 nbuffered=6wait window
017.653 ack_expected=4, f.ack=4, frame_nr=3
017.653 Recv DATA 0 4, ID 20063
017.653 .... 64 packets received, 7750 bps, 96.87%, Err 0 (0.0e+00)
017.653 nbuffered=5wait window
017.879 nbuffered=5next
017.879 Send DATA 3 0, ID 10066
017.879 nbuffered=6wait window
017.928 ack_expected=5, f.ack=5, frame_nr=4
017.928 Recv DATA 1 5, ID 20064
017.928 nbuffered=5wait window
018.136 nbuffered=5next
018.136 Send DATA 4 1, ID 10067
018.136 nbuffered=6wait window
018.190 ack_expected=6, f.ack=6, frame_nr=5
018.190 Recv DATA 2 6, ID 20065
018.190 nbuffered=5wait window
018.405 nbuffered=5next
018.405 Send DATA 5 2, ID 10068
018.405 nbuffered=6wait window
018.459 ack_expected=0, f.ack=0, frame_nr=6
018.459 Recv DATA 3 0, ID 20066
018.459 nbuffered=5wait window
018.677 nbuffered=5next
018.677 Send DATA 6 3, ID 10069
018.677 nbuffered=6wait window
018.712 ack_expected=1, f.ack=1, frame_nr=0
018.712 Recv DATA 4 1, ID 20067
018.712 nbuffered=5wait window
018.937 nbuffered=5next
018.937 Send DATA 0 4, ID 10070
018.937 nbuffered=6wait window
018.986 ack_expected=2, f.ack=2, frame_nr=1
018.986 Recv DATA 5 2, ID 20068
018.986 nbuffered=5wait window
019.206 nbuffered=5next
019.206 Send DATA 1 5, ID 10071
019.206 nbuffered=6wait window
019.240 ack_expected=3, f.ack=3, frame_nr=2
019.240 Recv DATA 6 3, ID 20069
019.240 nbuffered=5wait window
019.461 nbuffered=5next
019.461 Send DATA 2 6, ID 10072
019.461 nbuffered=6wait window
019.512 ack_expected=4, f.ack=4, frame_nr=3
019.512 Recv DATA 0 4, ID 20070
019.512 nbuffered=5wait window
019.732 nbuffered=5next
019.732 Send DATA 3 0, ID 10073
019.732 nbuffered=6wait window
019.784 ack_expected=5, f.ack=5, frame_nr=4
019.784 Recv DATA 1 5, ID 20071
019.784 .... 72 packets received, 7743 bps, 96.79%, Err 0 (0.0e+00)
019.784 nbuffered=5wait window
019.993 nbuffered=5next
019.994 Send DATA 4 1, ID 10074
019.994 nbuffered=6wait window
020.028 ack_expected=6, f.ack=6, frame_nr=5
020.028 Recv DATA 2 6, ID 20072
020.028 nbuffered=5wait window
020.255 nbuffered=5next
020.255 Send DATA 5 2, ID 10075
020.255 nbuffered=6wait window
020.290 ack_expected=0, f.ack=0, frame_nr=6
020.290 Recv DATA 3 0, ID 20073
020.290 nbuffered=5wait window
020.521 nbuffered=5next
020.522 Send DATA 6 3, ID 10076
020.522 nbuffered=6wait window
020.537 ack_expected=1, f.ack=1, frame_nr=0
020.537 Recv DATA 4 1, ID 20074
020.537 nbuffered=5wait window
020.780 nbuffered=5next
020.780 Send DATA 0 4, ID 10077
020.780 nbuffered=6wait window
020.828 ack_expected=2, f.ack=2, frame_nr=1
020.828 Recv DATA 5 2, ID 20075
020.828 nbuffered=5wait window
021.047 nbuffered=5next
021.047 Send DATA 1 5, ID 10078
021.047 nbuffered=6wait window
021.083 ack_expected=3, f.ack=3, frame_nr=2
021.083 Recv DATA 6 3, ID 20076
021.083 nbuffered=5w