000.000 =============================================================
000.000                     Station A                               
000.000 -------------------------------------------------------------
000.000 Protocol.lib, version 4.0, jiangyanjun0718@bupt.edu.cn
000.000 Channel: 8000 bps, 270 ms propagation delay, bit error rate 1.0E-05
000.000 Log file "./datalink-A.log", TCP port 59144, debug mask 0x07
000.000 Station A is waiting for station B on TCP port 59144 ... Done.
000.960 New epoch: Tue Apr 30 09:22:35 2019
000.960 =================================================================
000.960 
000.960 Designed by 6v, build: Apr 30 2019  09:00:48
000.960 Send DATA 0 31,ID 10000
001.212 Send DATA 1 31,ID 10001
001.466 Send DATA 2 31,ID 10002
001.564 Recv DATA 0 31,ID 20000
001.731 Send DATA 3 0,ID 10003
001.832 Recv DATA 1 31,ID 20001
002.002 Send DATA 4 1,ID 10004
002.099 Recv DATA 2 0,ID 20002
002.267 Send DATA 5 2,ID 10005
002.367 Recv DATA 3 1,ID 20003
002.525 Send DATA 6 3,ID 10006
002.643 Recv DATA 4 2,ID 20004
002.798 Send DATA 7 4,ID 10007
002.883 Recv DATA 5 3,ID 20005
003.050 Send DATA 8 5,ID 10008
003.151 Recv DATA 6 4,ID 20006
003.323 Send DATA 9 6,ID 10009
003.440 Recv DATA 7 5,ID 20007
003.440 .... 8 packets received, 7649 bps, 95.61%, Err 0 (0.0e+00)
003.579 Send DATA 10 7,ID 10010
003.687 Recv DATA 8 6,ID 20008
003.854 Send DATA 11 8,ID 10011
003.955 Recv DATA 9 7,ID 20009
004.113 Send DATA 12 9,ID 10012
004.212 Recv DATA 10 8,ID 20010
004.373 Send DATA 13 10,ID 10013
004.488 Recv DATA 11 9,ID 20011
004.641 Send DATA 14 11,ID 10014
004.763 Recv DATA 12 10,ID 20012
004.899 Send DATA 15 12,ID 10015
005.023 Recv DATA 13 11,ID 20013
005.173 Send DATA 16 13,ID 10016
005.272 Recv DATA 14 12,ID 20014
005.424 Send DATA 17 14,ID 10017
005.544 Recv DATA 15 13,ID 20015
005.544 .... 16 packets received, 7717 bps, 96.47%, Err 0 (0.0e+00)
005.696 Send DATA 18 15,ID 10018
005.795 Recv DATA 16 14,ID 20016
005.964 Send DATA 19 16,ID 10019
006.047 Recv DATA 17 15,ID 20017
006.231 Send DATA 20 17,ID 10020
006.332 Recv DATA 18 16,ID 20018
006.481 Send DATA 21 18,ID 10021
006.597 Recv DATA 19 17,ID 20019
006.724 Impose noise on received data, 1/45584=2.2E-05
006.758 Send DATA 22 19,ID 10022
006.872 Recv DATA 20 18,ID 20020
007.023 Send DATA 23 20,ID 10023
007.123 **** Receiver Error, Bad CRC ******
007.123 Send NAK 20
007.293 Send DATA 24 20,ID 10024
007.375 Recv DATA 22 20,ID 20022
007.544 Send DATA 25 20,ID 10025
007.653 Recv DATA 23 21,ID 20023
007.813 Send DATA 26 20,ID 10026
007.899 Recv DATA 24 22,ID 20024
008.082 Send DATA 27 20,ID 10027
008.188 Recv DATA 21 23,ID 20021
008.188 .... 22 packets received, 6539 bps, 81.74%, Err 1 (1.7e-05)
008.340 Send DATA 28 24,ID 10028
008.440 Recv DATA 25 24,ID 20025
008.616 Send DATA 29 25,ID 10029
008.698 Recv DATA 26 25,ID 20026
008.865 Send DATA 30 26,ID 10030
008.965 Recv DATA 27 26,ID 20027
009.131 Send DATA 31 27,ID 10031
009.231 Recv DATA 28 27,ID 20028
009.409 Send DATA 0 28,ID 10032
009.496 Recv DATA 29 28,ID 20029
009.671 Send DATA 1 29,ID 10033
009.756 Recv DATA 30 29,ID 20030
009.930 Send DATA 2 30,ID 10034
010.017 Recv DATA 31 30,ID 20031
010.193 Send DATA 3 31,ID 10035
010.281 Recv DATA 0 31,ID 20032
010.281 .... 33 packets received, 7524 bps, 94.04%, Err 1 (1.4e-05)
010.447 Send DATA 4 0,ID 10036
010.563 Recv DATA 1 0,ID 20033
010.716 Send DATA 5 1,ID 10037
010.814 Recv DATA 2 1,ID 20034
010.984 Send DATA 6 2,ID 10038
011.080 Recv DATA 3 2,ID 20035
011.240 Send DATA 7 3,ID 10039
011.356 Recv DATA 4 3,ID 20036
011.521 Send DATA 8 4,ID 10040
011.606 Recv DATA 5 4,ID 20037
011.772 Send DATA 9 5,ID 10041
011.873 Recv DATA 6 5,ID 20038
012.039 Send DATA 10 6,ID 10042
012.139 Recv DATA 7 6,ID 20039
012.302 Send DATA 11 7,ID 10043
012.403 Recv DATA 8 7,ID 20040
012.403 .... 41 packets received, 7561 bps, 94.52%, Err 1 (1.1e-05)
012.566 Send DATA 12 8,ID 10044
012.664 Recv DATA 9 8,ID 20041
012.697 Send DATA 9 9,ID 10041
012.944 Recv DATA 10 8,ID 20042
013.090 Send DATA 13 10,ID 10045
013.204 Recv DATA 11 8,ID 20043
013.364 Send DATA 14 11,ID 10046
013.476 Recv DATA 12 8,ID 20044
013.633 Send DATA 15 12,ID 10047
013.739 Recv DATA 13 8,ID 20045
013.887 Send DATA 16 13,ID 10048
014.001 Recv DATA 14 12,ID 20046
014.155 Send DATA 17 14,ID 10049
014.271 Recv DATA 15 13,ID 20047
014.409 Send DATA 18 15,ID 10050
014.531 Recv DATA 16 14,ID 20048
014.532 .... 49 packets received, 7583 bps, 94.79%, Err 1 (9.3e-06)
014.679 Send DATA 19 16,ID 10051
014.780 Recv DATA 17 15,ID 20049
014.947 Send DATA 20 17,ID 10052
015.033 Recv DATA 18 16,ID 20050
015.207 Send DATA 21 18,ID 10053
015.305 Recv DATA 19 17,ID 20051
015.479 Send DATA 22 19,ID 10054
015.579 Recv DATA 20 18,ID 20052
015.731 Send DATA 23 20,ID 10055
015.855 Recv DATA 21 19,ID 20053
016.005 Send DATA 24 21,ID 10056
016.091 Recv DATA 22 20,ID 20054
016.264 Send DATA 25 22,ID 10057
016.364 Recv DATA 23 21,ID 20055
016.536 Send DATA 26 23,ID 10058
016.643 Recv DATA 24 22,ID 20056
016.643 .... 57 packets received, 7607 bps, 95.09%, Err 1 (8.0e-06)
016.797 Send DATA 27 24,ID 10059
016.897 Recv DATA 25 23,ID 20057
017.047 Send DATA 28 25,ID 10060
017.165 Recv DATA 26 24,ID 20058
017.329 Send DATA 29 26,ID 10061
017.415 Recv DATA 27 25,ID 20059
017.575 Send DATA 30 27,ID 10062
017.710 Recv DATA 28 26,ID 20060
017.848 Send DATA 31 28,ID 10063
017.973 Recv DATA 29 27,ID 20061
017.973 Send DATA 28 29,ID 10060
018.223 Recv DATA 30 27,ID 20062
018.375 Send DATA 0 30,ID 10064
018.492 Recv DATA 31 27,ID 20063
018.632 Send DATA 1 31,ID 10065
018.735 Recv DATA 0 27,ID 20064
018.735 .... 65 packets received, 7634 bps, 95.43%, Err 1 (7.1e-06)
018.903 Send DATA 2 0,ID 10066
019.028 Recv DATA 1 27,ID 20065
019.163 Send DATA 3 1,ID 10067
019.278 Recv DATA 2 31,ID 20066
019.431 Send DATA 4 2,ID 10068
019.546 Recv DATA 3 0,ID 20067
019.695 Send DATA 5 3,ID 10069
019.813 Recv DATA 4 1,ID 20068
019.951 Send DATA 6 4,ID 10070
020.069 Recv DATA 5 2,ID 20069
020.219 Send DATA 7 5,ID 10071
020.337 Recv DATA 6 3,ID 20070
020.486 Send DATA 8 6,ID 10072
020.587 Recv DATA 7 4,ID 20071
020.752 Send DATA 9 7,ID 10073
020.870 Recv DATA 8 5,ID 20072
020.870 .... 73 packets received, 7639 bps, 95.48%, Err 1 (6.3e-06)
021.021 Send DATA 10 8,ID 10074
021.137 Recv DATA 9 6,ID 20073
021.287 Send DATA 11 9,ID 10075
021.389 Recv DATA 10 7,ID 20074
021.537 Send DATA 12 10,ID 10076
021.646 Recv DATA 11 8,ID 20075
021.801 Send DATA 13 11,ID 10077
021.912 Recv DATA 12 9,ID 20076
022.080 Send DATA 14 12,ID 10078
022.179 Recv DATA 13 10,ID 20077
022.331 Send DATA 15 13,ID 10079
022.429 Recv DATA 14 11,ID 20078
022.597 Send DATA 16 14,ID 10080
022.697 Recv DATA 15 12,ID 20079
022.863 Send DATA 17 15,ID 10081
022.960 Recv DATA 16 13,ID 20080
022.961 .... 81 packets received, 7658 bps, 95.73%, Err 1 (5.7e-06)
023.121 Send DATA 18 16,ID 10082
023.251 Recv DATA 17 14,ID 20081
023.388 Send DATA 19 17,ID 10083
023.505 Recv DATA 18 15,ID 20082
023.650 Send DATA 20 18,ID 10084
023.774 Recv DATA 19 16,ID 20083
023.921 Send DATA 21 19,ID 10085
024.041 Recv DATA 20 17,ID 20084
024.185 Send DATA 22 20,ID 10086
024.285 Recv DATA 21 18,ID 20085
024.440 Send DATA 23 21,ID 10087
024.554 Recv DATA 22 19,ID 20086
024.718 Send DATA 24 22,ID 10088
024.820 Recv DATA 23 20,ID 20087
024.971 Send DATA 25 23,ID 10089
025.085 Recv DATA 24 21,ID 20088
025.085 .... 89 packets received, 7663 bps, 95.78%, Err 1 (5.2e-06)
025.236 Send DATA 26 24,ID 10090
025.352 Recv DATA 25 22,ID 20089
025.503 Send DATA 27 25,ID 10091
025.601 Recv DATA 26 23,ID 20090
025.770 Send DATA 28 26,ID 10092
025.866 Recv DATA 27 24,ID 20091
026.032 Send DATA 29 27,ID 10093
026.149 Recv DATA 28 25,ID 20092
026.304 Send DATA 30 28,ID 10094
026.421 Recv DATA 29 26,ID 20093
026.553 Send DATA 31 29,ID 10095
026.668 Recv DATA 30 27,ID 20094
026.818 Send DATA 0 30,ID 10096
026.920 Recv DATA 31 28,ID 20095
027.084 Send DATA 1 31,ID 10097
027.204 Recv DATA 0 29,ID 20096
027.204 .... 97 packets received, 7668 bps, 95.85%, Err 1 (4.8e-06)
027.354 Send DATA 2 0,ID 10098
027.456 Recv DATA 1 30,ID 20097
027.623 Send DATA 3 1,ID 10099
027.741 Recv DATA 2 31,ID 20098
027.821 Impose noise on received data, 2/214232=9.3E-06
027.872 Send DATA 4 2,ID 10100
027.971 Recv DATA 3 0,ID 20099
028.138 Send DATA 5 3,ID 10101
028.255 **** Receiver Error, Bad CRC ******
028.255 Send NAK 3
028.423 Send DATA 6 3,ID 10102
028.520 Recv DATA 5 2,ID 20101
028.674 Send DATA 7 3,ID 10103
028.789 Recv DATA 6 3,ID 20102
028.938 Send DATA 8 3,ID 10104
029.060 Recv DATA 7 4,ID 20103
029.212 Send DATA 9 3,ID 10105
029.312 Recv DATA 4 5,ID 20100
029.312 .... 101 packets received, 7384 bps, 92.30%, Err 2 (8.8e-06)
029.462 Send DATA 10 7,ID 10106
029.579 Recv DATA 8 6,ID 20104
029.729 Send DATA 11 8,ID 10107
029.829 Recv DATA 9 7,ID 20105
029.995 Send DATA 12 9,ID 10108
030.112 Recv DATA 10 8,ID 20106
030.262 Send DATA 13 10,ID 10109
030.362 Recv DATA 11 9,ID 20107
030.529 Send DATA 14 11,ID 10110
030.630 Recv DATA 12 10,ID 20108
030.796 Send DATA 15 12,ID 10111
030.896 Recv DATA 13 11,ID 20109
031.047 Send DATA 16 13,ID 10112
031.146 Recv DATA 14 12,ID 20110
031.313 Send DATA 17 14,ID 10113
031.429 Recv DATA 15 13,ID 20111
031.429 .... 112 packets received, 7613 bps, 95.16%, Err 2 (8.2e-06)
031.579 Send DATA 18 15,ID 10114
031.696 Recv DATA 16 14,ID 20112
031.851 Send DATA 19 16,ID 10115
031.971 Recv DATA 17 15,ID 20113
032.106 Send DATA 20 17,ID 10116
032.224 Recv DATA 18 16,ID 20114
032.379 Send DATA 21 18,ID 10117
032.479 Recv DATA 19 17,ID 20115
032.630 Send DATA 22 19,ID 10118
032.747 Recv DATA 20 18,ID 20116
032.904 Send DATA 23 20,ID 10119
033.023 Recv DATA 21 19,ID 20117
033.176 Send DATA 24 21,ID 10120
033.270 Recv DATA 22 20,ID 20118
033.440 Send DATA 25 22,ID 10121
033.538 Recv DATA 23 21,ID 20119
033.538 .... 120 packets received, 7623 bps, 95.29%, Err 2 (7.7e-06)
033.697 Send DATA 26 23,ID 10122
033.814 Recv DATA 24 22,ID 20120
033.964 Send DATA 27 24,ID 10123
034.064 Recv DATA 25 23,ID 20121
034.214 Send DATA 28 25,ID 10124
034.326 Recv DATA 26 24,ID 20122
034.481 Send DATA 29 26,ID 10125
034.598 Recv DATA 27 25,ID 20123
034.748 Send DATA 30 27,ID 10126
034.864 Recv DATA 28 26,ID 20124
035.015 Send DATA 31 28,ID 10127
035.114 Recv DATA 29 27,ID 20125
035.281 Send DATA 0 29,ID 10128
035.365 Recv DATA 30 28,ID 20126
035.398 Send DATA 29 30,ID 10125
035.664 Recv DATA 31 28,ID 20127
035.664 .... 128 packets received, 7628 bps, 95.35%, Err 2 (7.2e-06)
035.799 Send DATA 1 31,ID 10129
035.913 Recv DATA 0 28,ID 20128
036.065 Send DATA 2 0,ID 10130
036.182 Recv DATA 1 28,ID 20129
036.333 Send DATA 3 1,ID 10131
036.451 Recv DATA 2 28,ID 20130
036.596 Send DATA 4 2,ID 10132
036.701 Recv DATA 3 0,ID 20131
036.855 Send DATA 5 3,ID 10133
036.975 Recv DATA 4 1,ID 20132
037.124 Send DATA 6 4,ID 10134
037.240 Recv DATA 5 2,ID 20133
037.390 Send DATA 7 5,ID 10135
037.507 Recv DATA 6 3,ID 20134
037.650 Send DATA 8 6,ID 10136
037.781 Recv DATA 7 4,ID 20135
037.781 .... 136 packets received, 7634 bps, 95.43%, Err 2 (6.8e-06)
037.916 Send DATA 9 7,ID 10137
038.034 Recv DATA 8 5,ID 20136
038.182 Send DATA 10 8,ID 10138
038.283 Recv DATA 9 6,ID 20137
038.451 Send DATA 11 9,ID 10139
038.566 Recv DATA 10 7,ID 20138
038.712 Send DATA 12 10,ID 10140
038.839 Recv DATA 11 8,ID 20139
038.968 Send DATA 13 11,ID 10141
039.069 Recv DATA 12 9,ID 20140
039.233 Send DATA 14 12,ID 10142
039.347 Recv DATA 13 10,ID 20141
039.504 Send DATA 15 13,ID 10143
039.624 Recv DATA 14 11,ID 20142
039.758 Send DATA 16 14,ID 10144
039.875 Recv DATA 15 12,ID 20143
039.875 .... 144 packets received, 7645 bps, 95.56%, Err 2 (6.4e-06)
040.025 Send DATA 17 15,ID 10145
040.144 Recv DATA 16 13,ID 20144
040.291 Send DATA 18 16,ID 10146
040.393 Recv DATA 17 14,ID 20145
040.560 Send DATA 19 17,ID 10147
040.676 Recv DATA 18 15,ID 20146
040.824 Send DATA 20 18,ID 10148
040.925 Recv DATA 19 16,ID 20147
041.091 Send DATA 21 19,ID 10149
041.187 Recv DATA 20 17,ID 20148
041.350 Send DATA 22 20,ID 10150
041.466 Recv DATA 21 18,ID 20149
041.611 Send DATA 23 21,ID 10151
041.727 Recv DATA 22 19,ID 20150
041.877 Send DATA 24 22,ID 10152
041.974 Recv DATA 23 20,ID 20151
041.974 .... 152 packets received, 7653 bps, 95.66%, Err 2 (6.1e-06)
042.151 Send DATA 25 23,ID 10153
042.267 Recv DATA 24 21,ID 20152
042.403 Send DATA 26 24,ID 10154
042.517 Recv DATA 25 22,ID 20153
042.669 Send DATA 27 25,ID 10155
042.784 Recv DATA 26 23,ID 20154
042.935 Send DATA 28 26,ID 10156
043.050 Recv DATA 27 24,ID 20155
043.200 Send DATA 29 27,ID 10157
043.318 Recv DATA 28 25,ID 20156
043.468 Send DATA 30 28,ID 10158
043.569 Recv DATA 29 26,ID 20157
043.719 Send DATA 31 29,ID 10159
043.839 Recv DATA 30 27,ID 20158
043.983 Send DATA 0 30,ID 10160
044.116 Recv DATA 31 28,ID 20159
044.116 .... 160 packets received, 7653 bps, 95.66%, Err 2 (5.8e-06)
044.246 Send DATA 1 31,ID 10161
044.364 Recv DATA 0 29,ID 20160
044.525 Send DATA 2 0,ID 10162
044.640 Recv DATA 1 30,ID 20161
044.787 Send DATA 3 1,ID 10163
044.904 Recv DATA 2 31,ID 20162
045.038 Send DATA 4 2,ID 10164
045.155 Recv DATA 3 0,ID 20163
045.305 Send DATA 5 3,ID 10165
045.404 Recv DATA 4 1,ID 20164
045.571 Send DATA 6 4,ID 10166
045.671 Recv DATA 5 2,ID 20165
045.837 Send DATA 7 5,ID 10167
045.937 Recv DATA 6 3,ID 20166
046.100 Send DATA 8 6,ID 10168
046.200 Recv DATA 7 4,ID 20167
046.200 .... 168 packets received, 7663 bps, 95.78%, Err 2 (5.5e-06)
046.363 Send DATA 9 7,ID 10169
046.465 Recv DATA 8 5,ID 20168
046.631 Send DATA 10 8,ID 10170
046.697 Impose noise on received data, 3/365368=8.2E-06
046.731 Recv DATA 9 6,ID 20169
046.894 Send DATA 11 9,ID 10171
046.996 **** Receiver Error, Bad CRC ******
046.996 Send NAK 9
047.164 Send DATA 12 9,ID 10172
047.281 Recv DATA 11 8,ID 20171
047.432 Send DATA 13 9,ID 10173
047.545 Recv DATA 12 9,ID 20172
047.685 Send DATA 14 9,ID 10174
047.789 Recv DATA 13 10,ID 20173
047.955 Send DATA 15 9,ID 10175
048.073 Recv DATA 10 11,ID 20170
048.223 Send DATA 16 13,ID 10176
048.339 Recv DATA 14 12,ID 20174
048.339 .... 175 packets received, 7619 bps, 95.24%, Err 3 (7.9e-06)
048.489 Send DATA 17 14,ID 10177
048.589 Recv DATA 15 13,ID 20175
048.756 Send DATA 18 15,ID 10178
048.856 Recv DATA 16 14,ID 20176
049.005 Send DATA 19 16,ID 10179
049.103 Recv DATA 17 15,ID 20177
049.272 Send DATA 20 17,ID 10180
049.372 Recv DATA 18 16,ID 20178
049.539 Send DATA 21 18,ID 10181
049.648 Recv DATA 19 17,ID 20179
049.801 Send DATA 22 19,ID 10182
049.903 Recv DATA 20 18,ID 20180
050.073 Send DATA 23 20,ID 10183
050.174 Recv DATA 21 19,ID 20181
050.339 Send DATA 24 21,ID 10184
050.439 Recv DATA 22 20,ID 20182
050.439 .... 183 packets received, 7627 bps, 95.33%, Err 3 (7.6e-06)
050.590 Send DATA 25 22,ID 10185
050.706 Recv DATA 23 21,ID 20183
050.860 Send DATA 26 23,ID 10186
050.973 Recv DATA 24 22,ID 20184
051.122 Send DATA 27 24,ID 10187
051.241 Recv DATA 25 23,ID 20185
051.390 Send DATA 28 25,ID 10188
051.507 Recv DATA 26 24,ID 20186
051.655 Send DATA 29 26,ID 10189
051.766 Recv DATA 27 25,ID 20187
051.915 Send DATA 30 27,ID 10190
052.033 Recv DATA 28 26,ID 20188
052.185 Send DATA 31 28,ID 10191
052.269 Recv DATA 29 27,ID 20189
052.440 Send DATA 0 29,ID 10192
052.540 Recv DATA 30 28,ID 20190
052.540 .... 191 packets received, 7634 bps, 95.42%, Err 3 (7.3e-06)
052.707 Send DATA 1 30,ID 10193
052.824 Recv DATA 31 29,ID 20191
052.974 Send DATA 2 31,ID 10194
053.074 Recv DATA 0 30,ID 20192
053.242 Send DATA 3 0,ID 10195
053.341 Recv DATA 1 31,ID 20193
053.499 Send DATA 4 1,ID 10196
053.613 Recv DATA 2 0,ID 20194
053.765 Send DATA 5 2,ID 10197
053.870 Recv DATA 3 1,ID 20195
053.888 Send DATA 2 3,ID 10194
054.133 Recv DATA 4 1,ID 20196
054.299 Send DATA 6 4,ID 10198
054.416 Recv DATA 5 1,ID 20197
054.551 Send DATA 7 5,ID 10199
054.668 Recv DATA 6 1,ID 20198
054.668 .... 199 packets received, 7636 bps, 95.45%, Err 3 (7.0e-06)
054.824 Send DATA 8 6,ID 10200
054.940 Recv DATA 7 1,ID 20199
055.091 Send DATA 9 7,ID 10201
055.206 Recv DATA 8 5,ID 20200
055.341 Send DATA 10 8,ID 10202
055.464 Recv DATA 9 6,ID 20201
055.615 Send DATA 11 9,ID 10203
055.717 Recv DATA 10 7,ID 20202
055.886 Send DATA 12 10,ID 10204
055.985 Recv DATA 11 8,ID 20203
056.135 Send DATA 13 11,ID 10205
056.249 Recv DATA 12 9,ID 20204
056.408 Send DATA 14 12,ID 10206
056.528 Recv DATA 13 10,ID 20205
056.675 Send DATA 15 13,ID 10207
056.775 Recv DATA 14 11,ID 20206
056.775 .... 207 packets received, 7642 bps, 95.52%, Err 3 (6.7e-06)
056.925 Send DATA 16 14,ID 10208
057.041 Recv DATA 15 12,ID 20207
057.191 Send DATA 17 15,ID 10209
057.292 Recv DATA 16 13,ID 20208
057.463 Send DATA 18 16,ID 10210
057.575 Recv DATA 17 14,ID 20209
057.726 Send DATA 19 17,ID 10211
057.826 Recv DATA 18 15,ID 20210
057.993 Send DATA 20 18,ID 10212
058.092 Recv DATA 19 16,ID 20211
058.259 Send DATA 21 19,ID 10213
058.363 Recv DATA 20 17,ID 20212
058.520 Send DATA 22 20,ID 10214
058.616 Recv DATA 21 18,ID 20213
058.788 Send DATA 23 21,ID 10215
058.887 Recv DATA 22 19,ID 20214
058.887 .... 215 packets received, 7646 bps, 95.57%, Err 3 (6.5e-06)
059.043 Send DATA 24 22,ID 10216
059.160 Recv DATA 23 20,ID 20215
059.310 Send DATA 25 23,ID 10217
059.409 Recv DATA 24 21,ID 20216
059.576 Send DATA 26 24,ID 10218
059.693 Recv DATA 25 22,ID 20217
059.843 Send DATA 27 25,ID 10219
059.960 Recv DATA 26 23,ID 20218
060.094 Send DATA 28 26,ID 10220
060.212 Recv DATA 27 24,ID 20219
060.360 Send DATA 29 27,ID 10221
060.475 Recv DATA 28 25,ID 20220
060.621 Send DATA 30 28,ID 10222
060.736 Recv DATA 29 26,ID 20221
060.896 Send DATA 31 29,ID 10223
061.010 Recv DATA 30 27,ID 20222
061.010 .... 223 packets received, 7648 bps, 95.61%, Err 3 (6.3e-06)
061.159 Send DATA 0 30,ID 10224
061.279 Recv DATA 31 28,ID 20223
061.428 Send DATA 1 31,ID 10225
061.546 Recv DATA 0 29,ID 20224
061.679 Send DATA 2 0,ID 10226
061.799 Recv DATA 1 30,ID 20225
061.949 Send DATA 3 1,ID 10227
062.065 Recv DATA 2 31,ID 20226
062.218 Send DATA 4 2,ID 10228
062.328 Recv DATA 3 0,ID 20227
062.479 Send DATA 5 3,ID 10229
062.595 Recv DATA 4 1,ID 20228
062.745 Send DATA 6 4,ID 10230
062.845 Recv DATA 5 2,ID 20229
063.012 Send DATA 7 5,ID 10231
063.112 Recv DATA 6 3,ID 20230
063.112 .... 231 packets received, 7653 bps, 95.67%, Err 3 (6.0e-06)
063.261 Send DATA 8 6,ID 10232
063.378 Recv DATA 7 4,ID 20231
063.528 Send DATA 9 7,ID 10233
063.645 Recv DATA 8 5,ID 20232
063.795 Send DATA 10 8,ID 10234
063.911 Recv DATA 9 6,ID 20233
064.062 Send DATA 11 9,ID 10235
064.157 Recv DATA 10 7,ID 20234
064.320 Send DATA 12 10,ID 10236
064.389 Impose noise on received data, 4/506816=7.9E-06
064.438 Recv DATA 11 8,ID 20235
064.587 Send DATA 13 11,ID 10237
064.704 **** Receiver Error, Bad CRC ******
064.704 Send NAK 11
064.854 Send DATA 14 11,ID 10238
064.956 Recv DATA 13 10,ID 20237
065.122 Send DATA 15 11,ID 10239
065.239 Recv DATA 14 11,ID 20238
065.396 Send DATA 16 11,ID 10240
065.494 Recv DATA 15 12,ID 20239
065.646 Send DATA 17 11,ID 10241
065.751 Recv DATA 12 13,ID 20236
065.751 .... 237 packets received, 7531 bps, 94.13%, Err 4 (7.7e-06)
065.766 Send DATA 14 15,ID 10238
066.028 Recv DATA 16 13,ID 20240
066.179 Send DATA 18 16,ID 10242
066.296 Recv DATA 17 13,ID 20241
066.446 Send DATA 19 17,ID 10243
066.559 Recv DATA 18 13,ID 20242
066.704 Send DATA 20 18,ID 10244
066.834 Recv DATA 19 13,ID 20243
066.972 Send DATA 21 19,ID 10245
067.073 Recv DATA 20 17,ID 20244
067.238 Send DATA 22 20,ID 10246
067.339 Recv DATA 21 18,ID 20245
067.507 Send DATA 23 21,ID 10247
067.606 Recv DATA 22 19,ID 20246
067.760 Send DATA 24 22,ID 10248
067.887 Recv DATA 23 20,ID 20247
067.887 .... 248 packets received, 7627 bps, 95.34%, Err 4 (7.5e-06)
068.024 Send DATA 25 23,ID 10249
068.163 Recv DATA 24 21,ID 20248
068.297 Send DATA 26 24,ID 10250
068.413 Recv DATA 25 22,ID 20249
068.564 Send DATA 27 25,ID 10251
068.646 Recv DATA 26 23,ID 20250
068.829 Send DATA 28 26,ID 10252
068.927 Recv DATA 27 24,ID 20251
069.081 Send DATA 29 27,ID 10253
069.202 Recv DATA 28 25,ID 20252
069.340 Send DATA 30 28,ID 10254
069.481 Recv DATA 29 26,ID 20253
069.615 Send DATA 31 29,ID 10255
069.731 Recv DATA 30 27,ID 20254
069.879 Send DATA 0 30,ID 10256
069.988 Recv DATA 31 28,ID 20255
069.988 .... 256 packets received, 7633 bps, 95.41%, Err 4 (7.3e-06)
070.145 Send DATA 1 31,ID 10257
070.263 Recv DATA 0 29,ID 20256
070.410 Send DATA 2 0,ID 10258
070.510 Recv DATA 1 30,ID 20257
070.671 Send DATA 3 1,ID 10259
070.790 Recv DATA 2 31,ID 20258
070.925 Send DATA 4 2,ID 10260
071.056 Recv DATA 3 0,ID 20259
071.188 Send DATA 5 3,ID 10261
071.308 Recv DATA 4 1,ID 20260
071.459 Send DATA 6 4,ID 10262
071.573 Recv DATA 5 2,ID 20261
071.724 Send DATA 7 5,ID 10263
071.824 Recv DATA 6 3,ID 20262
071.995 Send DATA 8 6,ID 10264
072.094 Recv DATA 7 4,ID 20263
072.094 .... 264 packets received, 7637 bps, 95.46%, Err 4 (7.0e-06)
072.260 Send DATA 9 7,ID 10265
072.357 Recv DATA 8 5,ID 20264
072.511 Send DATA 10 8,ID 10266
072.632 Recv DATA 9 6,ID 20265
072.782 Send DATA 11 9,ID 10267
072.898 Recv DATA 10 7,ID 20266
073.049 Send DATA 12 10,ID 10268
073.165 Recv DATA 11 8,ID 20267
073.315 Send DATA 13 11,ID 10269
073.432 Recv DATA 12 9,ID 20268
073.566 Send DATA 14 12,ID 10270
073.678 Recv DATA 13 10,ID 20269
073.832 Send DATA 15 13,ID 10271
073.951 Recv DATA 14 11,ID 20270
074.099 Send DATA 16 14,ID 10272
074.217 Recv DATA 15 12,ID 20271
074.217 .... 272 packets received, 7639 bps, 95.49%, Err 4 (6.8e-06)
074.365 Send DATA 17 15,ID 10273
074.484 Recv DATA 16 13,ID 20272
074.622 Send DATA 18 16,ID 10274
074.741 Recv DATA 17 14,ID 20273
074.893 Send DATA 19 17,ID 10275
075.011 Recv DATA 18 15,ID 20274
075.149 Send DATA 20 18,ID 10276
075.266 Recv DATA 19 16,ID 20275
075.416 Send DATA 21 19,ID 10277
075.516 Recv DATA 20 17,ID 20276
075.683 Send DATA 22 20,ID 10278
075.783 Recv DATA 21 18,ID 20277
075.949 Send DATA 23 21,ID 10279
076.067 Recv DATA 22 19,ID 20278
076.217 Send DATA 24 22,ID 10280
076.313 Recv DATA 23 20,ID 20279
076.313 .... 280 packets received, 7644 bps, 95.55%, Err 4 (6.6e-06)
076.477 Send DATA 25 23,ID 10281
076.593 Recv DATA 24 21,ID 20280
076.745 Send DATA 26 24,ID 10282
076.858 Recv DATA 25 22,ID 20281
077.009 Send DATA 27 25,ID 10283
077.136 Recv DATA 26 23,ID 20282
077.271 Send DATA 28 26,ID 10284
077.378 Recv DATA 27 24,ID 20283
077.525 Send DATA 29 27,ID 10285
077.642 Recv DATA 28 25,ID 20284
077.792 Send DATA 30 28,ID 10286
077.893 Recv DATA 29 26,ID 20285
078.068 Send DATA 31 29,ID 10287
078.167 Recv DATA 30 27,ID 20286
078.318 Send DATA 0 30,ID 10288
078.434 Recv DATA 31 28,ID 20287
078.434 .... 288 packets received, 7647 bps, 95.58%, Err 4 (6.5e-06)
078.581 Send DATA 1 31,ID 10289
078.702 Recv DATA 0 29,ID 20288
078.854 Send DATA 2 0,ID 10290
078.976 Recv DATA 1 30,ID 20289
079.110 Send DATA 3 1,ID 10291
079.209 Recv DATA 2 31,ID 20290
079.378 Send DATA 4 2,ID 10292
079.478 Recv DATA 3 0,ID 20291
079.640 Send DATA 5 3,ID 10293
079.759 Recv DATA 4 1,ID 20292
079.903 Send DATA 6 4,ID 10294
080.034 Recv DATA 5 2,ID 20293
080.168 Send DATA 7 5,ID 10295
080.267 Recv DATA 6 3,ID 20294
080.434 Send DATA 8 6,ID 10296
080.553 Recv DATA 7 4,ID 20295
080.553 .... 296 packets received, 7649 bps, 95.61%, Err 4 (6.3e-06)
080.701 Send DATA 9 7,ID 10297
080.805 Recv DATA 8 5,ID 20296
080.966 Send DATA 10 8,ID 10298
081.086 Recv DATA 9 6,ID 20297
081.235 Send DATA 11 9,ID 10299
081.335 Recv DATA 10 7,ID 20298
081.485 Send DATA 12 10,ID 10300
081.603 Recv DATA 11 8,ID 20299
081.752 Send DATA 13 11,ID 10301
081.868 Recv DATA 12 9,ID 20300
082.018 Send DATA 14 12,ID 10302
082.136 Recv DATA 13 10,ID 20301
082.286 Send DATA 15 13,ID 10303
082.335 Impose noise on received data, 5/650344=7.7E-06
082.383 Recv DATA 14 11,ID 20302
082.553 Send DATA 16 14,ID 10304
082.656 **** Receiver Error, Bad CRC ******
082.656 Send NAK 14
082.822 Send DATA 17 14,ID 10305
082.922 Recv DATA 16 13,ID 20304
083.090 Send DATA 18 14,ID 10306
083.188 Recv DATA 17 14,ID 20305
083.353 Send DATA 19 14,ID 10307
083.452 Recv DATA 18 15,ID 20306
083.617 Send DATA 20 14,ID 10308
083.719 Recv DATA 15 16,ID 20303
083.719 .... 304 packets received, 7554 bps, 94.42%, Err 5 (7.6e-06)
083.869 Send DATA 21 18,ID 10309
083.969 Recv DATA 19 17,ID 20307
084.136 Send DATA 22 19,ID 10310
084.252 Recv DATA 20 18,ID 20308
084.401 Send DATA 23 20,ID 10311
084.487 Recv DATA 21 19,ID 20309
084.666 Send DATA 24 21,ID 10312
084.761 Recv DATA 22 20,ID 20310
084.936 Send DATA 25 22,ID 10313
085.033 Recv DATA 23 21,ID 20311
085.187 Send DATA 26 23,ID 10314
085.287 Recv DATA 24 22,ID 20312
085.453 Send DATA 27 24,ID 10315
085.570 Recv DATA 25 23,ID 20313
085.720 Send DATA 28 25,ID 10316
085.819 Recv DATA 26 24,ID 20314
085.819 .... 315 packets received, 7633 bps, 95.41%, Err 5 (7.4e-06)
085.987 Send DATA 29 26,ID 10317
086.086 Recv DATA 27 25,ID 20315
086.253 Send DATA 30 27,ID 10318
086.336 Recv DATA 28 26,ID 20316
086.521 Send DATA 31 28,ID 10319
086.604 Recv DATA 29 27,ID 20317
086.786 Send DATA 0 29,ID 10320
086.888 Recv DATA 30 28,ID 20318
087.037 Send DATA 1 30,ID 10321
087.154 Recv DATA 31 29,ID 20319
087.304 Send DATA 2 31,ID 10322
087.420 Recv DATA 0 30,ID 20320
087.571 Send DATA 3 0,ID 10323
087.688 Recv DATA 1 31,ID 20321
087.837 Send DATA 4 1,ID 10324
087.939 Recv DATA 2 0,ID 20322
087.939 .... 323 packets received, 7635 bps, 95.44%, Err 5 (7.2e-06)
088.104 Send DATA 5 2,ID 10325
088.204 Recv DATA 3 1,ID 20323
088.355 Send DATA 6 3,ID 10326
088.471 Recv DATA 4 2,ID 20324
088.621 Send DATA 7 4,ID 10327
088.722 Recv DATA 5 3,ID 20325
088.888 Send DATA 8 5,ID 10328
088.991 Recv DATA 6 4,ID 20326
089.155 Send DATA 9 6,ID 10329
089.255 Recv DATA 7 5,ID 20327
089.411 Send DATA 10 7,ID 10330
089.513 Recv DATA 8 6,ID 20328
089.676 Send DATA 11 8,ID 10331
089.789 Recv DATA 9 7,ID 20329
089.956 Send DATA 12 9,ID 10332
090.056 Recv DATA 10 8,ID 20330
090.056 .... 331 packets received, 7637 bps, 95.47%, Err 5 (7.0e-06)
090.207 Send DATA 13 10,ID 10333
090.329 Recv DATA 11 9,ID 20331
090.480 Send DATA 14 11,ID 10334
090.580 Recv DATA 12 10,ID 20332
090.740 Send DATA 15 12,ID 10335
090.862 Recv DATA 13 11,ID 20333
091.006 Send DATA 16 13,ID 10336
091.106 Recv DATA 14 12,ID 20334
091.273 Send DATA 17 14,ID 10337
091.372 Recv DATA 15 13,ID 20335
091.540 Send DATA 18 15,ID 10338
091.623 Recv DATA 16 14,ID 20336
091.789 Send DATA 19 16,ID 10339
091.906 Recv DATA 17 15,ID 20337
092.057 Send DATA 20 17,ID 10340
092.171 Recv DATA 18 16,ID 20338
092.171 .... 339 packets received, 7640 bps, 95.50%, Err 5 (6.9e-06)
092.319 Send DATA 21 18,ID 10341
092.431 Recv DATA 19 17,ID 20339
092.582 Send DATA 22 19,ID 10342
092.698 Recv DATA 20 18,ID 20340
092.847 Send DATA 23 20,ID 10343
092.949 Recv DATA 21 19,ID 20341
093.118 Send DATA 24 21,ID 10344
093.216 Recv DATA 22 20,ID 20342
093.374 Send DATA 25 22,ID 10345
093.487 Recv DATA 23 21,ID 20343
093.502 Send DATA 22 23,ID 10342
093.764 Recv DATA 24 21,ID 20344
093.913 Send DATA 26 24,ID 10346
094.005 Recv DATA 25 21,ID 20345
094.177 Send DATA 27 25,ID 10347
094.281 Recv DATA 26 21,ID 20346
094.281 .... 347 packets received, 7643 bps, 95.54%, Err 5 (6.7e-06)
094.432 Send DATA 28 26,ID 10348
094.557 Recv DATA 27 21,ID 20347
094.701 Send DATA 29 27,ID 10349
094.832 Recv DATA 28 25,ID 20348
094.963 Send DATA 30 28,ID 10350
095.072 Recv DATA 29 26,ID 20349
095.232 Send DATA 31 29,ID 10351
095.333 Recv DATA 30 27,ID 20350
095.485 Send DATA 0 30,ID 10352
095.602 Recv DATA 31 28,ID 20351
095.758 Send DATA 1 31,ID 10353
095.874 Recv DATA 0 29,ID 20352
096.026 Send DATA 2 0,ID 10354
096.141 Recv DATA 1 30,ID 20353
096.279 Send DATA 3 1,ID 10355
096.400 Recv DATA 2 31,ID 20354
096.400 .... 355 packets received, 7645 bps, 95.56%, Err 5 (6.6e-06)
096.547 Send DATA 4 2,ID 10356
096.672 Recv DATA 3 0,ID 20355
096.819 Send DATA 5 3,ID 10357
096.927 Recv DATA 4 1,ID 20356
097.074 Send DATA 6 4,ID 10358
097.191 Recv DATA 5 2,ID 20357
097.342 Send DATA 7 5,ID 10359
097.460 Recv DATA 6 3,ID 20358
097.609 Send DATA 8 6,ID 10360
097.710 Recv DATA 7 4,ID 20359
097.866 Send DATA 9 7,ID 10361
097.980 Recv DATA 8 5,ID 20360
098.132 Send DATA 10 8,ID 10362
098.250 Recv DATA 9 6,ID 20361
098.401 Send DATA 11 9,ID 10363
098.517 Recv DATA 10 7,ID 20362
098.517 .... 363 packets received, 7647 bps, 95.59%, Err 5 (6.4e-06)
098.666 Send DATA 12 10,ID 10364
098.763 Recv DATA 11 8,ID 20363
098.922 Send DATA 13 11,ID 10365
099.038 Recv DATA 12 9,ID 20364
099.192 Send DATA 14 12,ID 10366
099.308 Recv DATA 13 10,ID 20365
099.459 Send DATA 15 13,ID 10367
099.575 Recv DATA 14 11,ID 20366
099.710 Send DATA 16 14,ID 10368
099.827 Recv DATA 15 12,ID 20367
099.975 Send DATA 17 15,ID 10369
100.076 Recv DATA 16 13,ID 20368
100.242 Send DATA 18 16,ID 10370
100.343 Recv DATA 17 14,ID 20369
100.510 Send DATA 19 17,ID 10371
100.777 Send DATA 20 17,ID 10372
101.028 Send DATA 21 17,ID 10373
101.306 Send DATA 22 17,ID 10374
101.569 Send DATA 23 17,ID 10375
101.823 Send DATA 24 17,ID 10376
102.086 Send DATA 25 17,ID 10377
102.361 Send DATA 26 17,ID 10378
102.615 Send DATA 27 17,ID 10379
102.877 Send DATA 28 17,ID 10380
103.144 Send DATA 29 17,ID 10381
103.411 Send DATA 30 17,ID 10382
103.678 Send DATA 31 17,ID 10383
103.946 Send DATA 0 17,ID 10384
104.196 Send DATA 1 17,ID 10385
104.461 Send DATA 2 17,ID 10386
104.544 Recv DATA 18 30,ID 20370
104.544 .... 371 packets received, 7359 bps, 91.99%, Err 5 (6.3e-06)
104.728 Send DATA 3 18,ID 10387
104.994 Send DATA 4 18,ID 10388
105.264 Send DATA 5 18,ID 10389
105.519 Send DATA 6 18,ID 10390
105.786 Send DATA 7 18,ID 10391
106.054 Send DATA 8 18,ID 10392
106.320 Send DATA 9 18,ID 10393
106.572 Send DATA 10 18,ID 10394
106.838 Send DATA 11 18,ID 10395
107.105 Send DATA 12 18,ID 10396
107.377 Send DATA 13 18,ID 10397
107.637 Send DATA 14 18,ID 10398
107.903 Send DATA 15 18,ID 10399
108.162 Send DATA 16 18,ID 10400
108.423 Send DATA 17 18,ID 10401
108.650 Recv DATA 19 13,ID 20371
108.650 .... 372 packets received, 7097 bps, 88.71%, Err 5 (6.3e-06)
108.696 Send DATA 18 19,ID 10402
108.951 Send DATA 19 19,ID 10403
109.218 Send DATA 20 19,ID 10404
109.475 Send DATA 21 19,ID 10405
109.755 Send DATA 22 19,ID 10406
110.015 Send DATA 23 19,ID 10407
110.282 Send DATA 24 19,ID 10408
110.536 Send DATA 25 19,ID 10409
110.806 Send DATA 26 19,ID 10410
111.063 Send DATA 27 19,ID 10411
111.335 Send DATA 28 19,ID 10412
111.602 Send DATA 29 19,ID 10413
111.853 Send DATA 30 19,ID 10414
112.119 Send DATA 31 19,ID 10415
112.379 Send DATA 0 19,ID 10416
112.645 Send DATA 1 19,ID 10417
112.747 Recv DATA 20 29,ID 20372
112.747 .... 373 packets received, 6854 bps, 85.68%, Err 5 (6.3e-06)
112.915 Send DATA 2 20,ID 10418
113.180 Send DATA 3 20,ID 10419
113.447 Send DATA 4 20,ID 10420
113.700 Send DATA 5 20,ID 10421
113.964 Send DATA 6 20,ID 10422
114.233 Send DATA 7 20,ID 10423
114.504 Send DATA 8 20,ID 10424
114.771 Send DATA 9 20,ID 10425
115.020 Send DATA 10 20,ID 10426
115.288 Send DATA 11 20,ID 10427
115.563 Send DATA 12 20,ID 10428
115.815 Send DATA 13 20,ID 10429
116.079 Send DATA 14 20,ID 10430
116.341 Send DATA 15 20,ID 10431
116.616 Send DATA 16 20,ID 10432
116.846 Recv DATA 21 12,ID 20373
116.846 .... 374 packets received, 6629 bps, 82.86%, Err 5 (6.2e-06)
116.878 Send DATA 17 21,ID 10433
117.132 Send DATA 18 21,ID 10434
117.396 Send DATA 19 21,ID 10435
117.666 Send DATA 20 21,ID 10436
117.931 Send DATA 21 21,ID 10437
118.198 Send DATA 22 21,ID 10438
118.466 Send DATA 23 21,ID 10439
118.716 Send DATA 24 21,ID 10440
118.986 Send DATA 25 21,ID 10441
119.256 Send DATA 26 21,ID 10442
119.515 Send DATA 27 21,ID 10443
119.776 Send DATA 28 21,ID 10444
120.052 Send DATA 29 21,ID 10445
120.305 Send DATA 30 21,ID 10446
120.573 Send DATA 31 21,ID 10447
120.830 Send DATA 0 21,ID 10448
120.955 Recv DATA 22 28,ID 20374
120.955 .... 375 packets received, 6418 bps, 80.23%, Err 5 (6.2e-06)
121.105 Send DATA 1 22,ID 10449
121.358 Send DATA 2 22,ID 10450
121.623 Send DATA 3 22,ID 10451
121.890 Send DATA 4 22,ID 10452
122.150 Send DATA 5 22,ID 10453
122.426 Send DATA 6 22,ID 10454
122.675 Send DATA 7 22,ID 10455
122.941 Send DATA 8 22,ID 10456
123.205 Send DATA 9 22,ID 10457
123.485 Send DATA 10 22,ID 10458
123.738 Send DATA 11 22,ID 10459
123.999 Send DATA 12 22,ID 10460
124.265 Send DATA 13 22,ID 10461
124.532 Send DATA 14 22,ID 10462
124.800 Send DATA 15 22,ID 10463
125.051 Send DATA 16 22,ID 10464
125.116 Recv DATA 23 12,ID 20375
125.116 .... 376 packets received, 6219 bps, 77.74%, Err 5 (6.2e-06)
125.316 Send DATA 17 23,ID 10465
125.586 Send DATA 18 23,ID 10466
125.850 Send DATA 19 23,ID 10467
126.118 Send DATA 20 23,ID 10468
126.376 Send DATA 21 23,ID 10469
126.643 Send DATA 22 23,ID 10470
126.901 Send DATA 23 23,ID 10471
127.167 Send DATA 24 23,ID 10472
127.443 Send DATA 25 23,ID 10473
127.692 Send DATA 26 23,ID 10474
127.778 Send DATA 23 23,ID 10471
128.226 Send DATA 27 23,ID 10475
128.494 Send DATA 28 23,ID 10476
128.762 Send DATA 29 23,ID 10477
129.018 Send DATA 30 23,ID 10478
129.186 Recv DATA 24 26,ID 20376
129.186 .... 377 packets received, 6037 bps, 75.47%, Err 5 (6.2e-06)
129.286 Send DATA 31 24,ID 10479
129.554 Send DATA 0 24,ID 10480
129.804 Send DATA 1 24,ID 10481
130.068 Send DATA 2 24,ID 10482
130.336 Send DATA 3 24,ID 10483
130.403 Send DATA 0 24,ID 10480
130.870 Send DATA 4 24,ID 10484
131.136 Send DATA 5 24,ID 10485
131.387 Send DATA 6 24,ID 10486
131.653 Send DATA 7 24,ID 10487
131.718 Send DATA 4 24,ID 10484
132.189 Send DATA 8 24,ID 10488
132.454 Send DATA 9 24,ID 10489
132.722 Send DATA 10 24,ID 10490
132.984 Send DATA 11 24,ID 10491
133.240 Send DATA 12 24,ID 10492
133.355 Recv DATA 25 8,ID 20377
133.355 .... 378 packets received, 5862 bps, 73.28%, Err 5 (6.2e-06)
133.506 Send DATA 13 25,ID 10493
133.777 Send DATA 14 25,ID 10494
134.040 Send DATA 15 25,ID 10495
134.304 Send DATA 16 25,ID 10496
134.570 Send DATA 17 25,ID 10497
134.823 Send DATA 18 25,ID 10498
135.099 Send DATA 19 25,ID 10499
135.358 Send DATA 20 25,ID 10500
135.623 Send DATA 21 25,ID 10501
135.876 Send DATA 22 25,ID 10502
136.147 Send DATA 23 25,ID 10503
136.415 Send DATA 24 25,ID 10504
136.680 Send DATA 25 25,ID 10505
136.946 Send DATA 26 25,ID 10506
137.198 Send DATA 27 25,ID 10507
137.464 Send DATA 28 25,ID 10508
137.581 Recv DATA 26 24,ID 20378
137.581 .... 379 packets received, 5695 bps, 71.19%, Err 5 (6.1e-06)
137.730 Send DATA 29 26,ID 10509
137.991 Send DATA 30 26,ID 10510
138.258 Send DATA 31 26,ID 10511
138.524 Send DATA 0 26,ID 10512
138.780 Send DATA 1 26,ID 10513
139.054 Send DATA 2 26,ID 10514
139.321 Send DATA 3 26,ID 10515
139.587 Send DATA 4 26,ID 10516
139.846 Send DATA 5 26,ID 10517
140.104 Send DATA 6 26,ID 10518
140.363 Send DATA 7 26,ID 10519
140.631 Send DATA 8 26,ID 10520
140.898 Send DATA 9 26,ID 10521
141.165 Send DATA 10 26,ID 10522
141.421 Send DATA 11 26,ID 10523
141.645 Recv DATA 27 7,ID 20379
141.645 .... 380 packets received, 5545 bps, 69.31%, Err 5 (6.1e-06)
141.696 Send DATA 12 27,ID 10524
141.955 Send DATA 13 27,ID 10525
142.227 Send DATA 14 27,ID 10526
142.488 Send DATA 15 27,ID 10527
142.739 Send DATA 16 27,ID 10528
143.005 Send DATA 17 27,ID 10529
143.272 Send DATA 18 27,ID 10530
143.539 Send DATA 19 27,ID 10531
143.805 Send DATA 20 27,ID 10532
144.072 Send DATA 21 27,ID 10533
144.330 Send DATA 22 27,ID 10534
144.591 Send DATA 23 27,ID 10535
144.859 Send DATA 24 27,ID 10536
145.118 Send DATA 25 27,ID 10537
145.380 Send DATA 26 27,ID 10538
145.650 Recv DATA 28 22,ID 20380
145.650 .... 381 packets received, 5405 bps, 67.57%, Err 5 (6.1e-06)
145.650 Send DATA 27 28,ID 10539
145.911 Send DATA 28 28,ID 10540
146.173 Send DATA 29 28,ID 10541
146.442 Send DATA 30 28,ID 10542
146.714 Send DATA 31 28,ID 10543
146.781 Send DATA 27 28,ID 10539
147.232 Send DATA 0 28,ID 10544
147.507 Send DATA 1 28,ID 10545
147.755 Send DATA 2 28,ID 10546
148.024 Send DATA 3 28,ID 10547
148.296 Send DATA 4 28,ID 10548
148.558 Send DATA 5 28,ID 10549
148.815 Send DATA 6 28,ID 10550
149.085 Send DATA 7 28,ID 10551
149.340 Send DATA 8 28,ID 10552
149.608 Send DATA 9 28,ID 10553
149.758 Recv DATA 29 5,ID 20381
149.758 .... 382 packets received, 5270 bps, 65.87%, Err 5 (6.1e-06)
149.875 Send DATA 10 29,ID 10554
150.135 Send DATA 11 29,ID 10555
150.401 Send DATA 12 29,ID 10556
150.668 Send DATA 13 29,ID 10557
150.935 Send DATA 14 29,ID 10558
151.200 Send DATA 15 29,ID 10559
151.467 Send DATA 16 29,ID 10560
151.722 Send DATA 17 29,ID 10561
151.987 Send DATA 18 29,ID 10562
152.254 Send DATA 19 29,ID 10563
152.514 Send DATA 20 29,ID 10564
152.784 Send DATA 21 29,ID 10565
153.037 Send DATA 22 29,ID 10566
153.302 Send DATA 23 29,ID 10567
153.569 Send DATA 24 29,ID 10568
153.835 Send DATA 25 29,ID 10569
153.851 Recv DATA 30 20,ID 20382
153.851 .... 383 packets received, 5142 bps, 64.27%, Err 5 (6.1e-06)
153.886 Send DATA 22 30,ID 10566
154.367 Send DATA 26 30,ID 10570
154.635 Send DATA 27 30,ID 10571
154.894 Send DATA 28 30,ID 10572
155.165 Send DATA 29 30,ID 10573
155.210 Send DATA 25 30,ID 10569
155.677 Send DATA 30 30,ID 10574
155.952 Send DATA 31 30,ID 10575
156.214 Send DATA 0 30,ID 10576
156.469 Send DATA 1 30,ID 10577
156.744 Send DATA 2 30,ID 10578
156.996 Send DATA 3 30,I